<?xml version="1.0" encoding="UTF-8"?>
<testng-results skipped="0" failed="0" ignored="0" total="1" passed="1">
  <reporter-output>
  </reporter-output>
  <suite name="Default suite" duration-ms="16553" started-at="2017-08-12T11:02:37Z" finished-at="2017-08-12T11:02:53Z">
    <groups>
    </groups>
    <test name="Default test" duration-ms="16553" started-at="2017-08-12T11:02:37Z" finished-at="2017-08-12T11:02:53Z">
      <class name="sampleTest.SampleTest">
        <test-method status="PASS" signature="loginTest()[pri:0, instance:sampleTest.SampleTest@224edc67]" name="loginTest" duration-ms="16498" started-at="2017-08-12T16:32:37Z" finished-at="2017-08-12T16:32:53Z">
          <reporter-output>
          </reporter-output>
        </test-method> <!-- loginTest -->
      </class> <!-- sampleTest.SampleTest -->
    </test> <!-- Default test -->
  </suite> <!-- Default suite -->
</testng-results>
